Using pre-set license
Built from '2020.3/staging' branch; Version is '2020.3.13f1 (71691879b7f5) revision 7432472'; Using compiler version '192528614'; Build Type 'Release'
OS: 'Windows 10 Pro; OS build 19045.3324; Version 2009; 64bit' Language: 'ko' Physical Memory: 16321 MB
BatchMode: 1, IsHumanControllingUs: 0, StartBugReporterOnCrash: 0, Is64bit: 1, IsPro: 0

 COMMAND LINE ARGUMENTS:
C:\Program Files\Unity\Hub\Editor\2020.3.13f1\Editor\Unity.exe
-adb2
-batchMode
-noUpm
-name
AssetImportWorker0
-projectPath
C:/Users/Nayoun/Documents/GitHub/MediTest/Client
-logFile
Logs/AssetImportWorker0.log
-srvPort
62438
Successfully changed project path to: C:/Users/Nayoun/Documents/GitHub/MediTest/Client
C:/Users/Nayoun/Documents/GitHub/MediTest/Client
Using Asset Import Pipeline V2.
Refreshing native plugins compatible for Editor in 59.58 ms, found 18 plugins.
Preloading 0 native plugins for Editor in 0.00 ms.
Initialize engine version: 2020.3.13f1 (71691879b7f5)
[Subsystems] Discovering subsystems at path C:/Program Files/Unity/Hub/Editor/2020.3.13f1/Editor/Data/Resources/UnitySubsystems
[Subsystems] Discovering subsystems at path C:/Users/Nayoun/Documents/GitHub/MediTest/Client/Assets
GfxDevice: creating device client; threaded=0
Direct3D:
    Version:  Direct3D 11.0 [level 11.1]
    Renderer: NVIDIA GeForce RTX 3070 (ID=0x2484)
    Vendor:   
    VRAM:     8031 MB
    Driver:   31.0.15.3623
Initialize mono
Mono path[0] = 'C:/Program Files/Unity/Hub/Editor/2020.3.13f1/Editor/Data/Managed'
Mono path[1] = 'C:/Program Files/Unity/Hub/Editor/2020.3.13f1/Editor/Data/MonoBleedingEdge/lib/mono/unityjit'
Mono config path = 'C:/Program Files/Unity/Hub/Editor/2020.3.13f1/Editor/Data/MonoBleedingEdge/etc'
Using monoOptions --debugger-agent=transport=dt_socket,embedding=1,server=y,suspend=n,address=127.0.0.1:56676
Begin MonoManager ReloadAssembly
Registering precompiled unity dll's ...
Register platform support module: C:/Program Files/Unity/Hub/Editor/2020.3.13f1/Editor/Data/PlaybackEngines/WindowsStandaloneSupport/UnityEditor.WindowsStandalone.Extensions.dll
Registered in 0.001585 seconds.
Native extension for WindowsStandalone target not found
Refreshing native plugins compatible for Editor in 42.93 ms, found 18 plugins.
Preloading 0 native plugins for Editor in 0.00 ms.
Mono: successfully reloaded assembly
- Completed reload, in  1.738 seconds
Platform modules already initialized, skipping
Registering precompiled user dll's ...
Registered in 0.005850 seconds.
Begin MonoManager ReloadAssembly
Native extension for WindowsStandalone target not found
Refreshing native plugins compatible for Editor in 43.55 ms, found 18 plugins.
Preloading 0 native plugins for Editor in 0.00 ms.
Mono: successfully reloaded assembly
- Completed reload, in  0.994 seconds
Platform modules already initialized, skipping
========================================================================
Worker process is ready to serve import requests
Launched and connected shader compiler UnityShaderCompiler.exe after 0.03 seconds
Refreshing native plugins compatible for Editor in 0.80 ms, found 18 plugins.
Preloading 0 native plugins for Editor in 0.00 ms.
Unloading 2319 Unused Serialized files (Serialized files now loaded: 0)
System memory in use before: 101.2 MB.
System memory in use after: 101.4 MB.

Unloading 71 unused Assets to reduce memory usage. Loaded Objects now: 2720.
Total: 2.348700 ms (FindLiveObjects: 0.238400 ms CreateObjectMapping: 0.100600 ms MarkObjects: 1.943400 ms  DeleteObjects: 0.065400 ms)

AssetImportParameters requested are different than current active one (requested -> active):
  custom:framework-win-MediaFoundation: 216162199b28c13a410421893ffa2e32 -> 
  custom:video-decoder-ogg-theora: a1e56fd34408186e4bbccfd4996cb3dc -> 
  custom:container-muxer-webm: aa71ff27fc2769a1b78a27578f13a17b -> 
  custom:container-demuxer-webm: 4f35f7cbe854078d1ac9338744f61a02 -> 
  custom:container-demuxer-ogg: 62fdf1f143b41e24485cea50d1cbac27 -> 
  custom:video-encoder-webm-vp8: eb34c28f22e8b96e1ab97ce403110664 -> 
  custom:video-decoder-webm-vp8: 9c59270c3fd7afecdb556c50c9e8de78 -> 
  custom:audio-decoder-ogg-vorbis: bf7c407c2cedff20999df2af8eb42d56 -> 
  custom:audio-encoder-webm-vorbis: bf7c407c2cedff20999df2af8eb42d56 -> 
========================================================================
Received Import Request.
  path: Assets/Scrpit/Active.cs
  artifactKey: Guid(9a153947175f34e448d33f4b82b6f1b3) Importer(815301076,1909f56bfc062723c751e8b465ee728b)
Start importing Assets/Scrpit/Active.cs using Guid(9a153947175f34e448d33f4b82b6f1b3) Importer(815301076,1909f56bfc062723c751e8b465ee728b)  -> (artifact id: '78798c74b1e4f1deb607ae142b379a3f') in 0.022748 seconds 
  Import took 0.026011 seconds .

========================================================================
Received Import Request.
  Time since last request: 3.009152 seconds.
  path: Assets/Resources/Prefabs/mediItem.prefab
  artifactKey: Guid(c11155cf73b2e5a449c6f6398ff51fea) Importer(815301076,1909f56bfc062723c751e8b465ee728b)
Start importing Assets/Resources/Prefabs/mediItem.prefab using Guid(c11155cf73b2e5a449c6f6398ff51fea) Importer(815301076,1909f56bfc062723c751e8b465ee728b)  -> (artifact id: 'a587fba6e688f03869adfaf0f2d31a3e') in 0.362815 seconds 
  Import took 0.367195 seconds .

========================================================================
Received Import Request.
  Time since last request: 14.665931 seconds.
  path: Assets/Resources/Prefabs/mediItem.prefab
  artifactKey: Guid(c11155cf73b2e5a449c6f6398ff51fea) Importer(815301076,1909f56bfc062723c751e8b465ee728b)
Start importing Assets/Resources/Prefabs/mediItem.prefab using Guid(c11155cf73b2e5a449c6f6398ff51fea) Importer(815301076,1909f56bfc062723c751e8b465ee728b)  -> (artifact id: 'de7f9264d59c09e46f95f432ff47b32c') in 0.287574 seconds 
  Import took 0.291875 seconds .

========================================================================
Received Import Request.
  Time since last request: 3.693235 seconds.
  path: Assets/Resources/Prefabs/mediItem.prefab
  artifactKey: Guid(c11155cf73b2e5a449c6f6398ff51fea) Importer(815301076,1909f56bfc062723c751e8b465ee728b)
Start importing Assets/Resources/Prefabs/mediItem.prefab using Guid(c11155cf73b2e5a449c6f6398ff51fea) Importer(815301076,1909f56bfc062723c751e8b465ee728b)  -> (artifact id: 'bb1c8587ebbc38f373132754cbe27edc') in 0.285282 seconds 
  Import took 0.289769 seconds .

========================================================================
Received Import Request.
  Time since last request: 2.132610 seconds.
  path: Assets/Resources/Prefabs/mediItem.prefab
  artifactKey: Guid(c11155cf73b2e5a449c6f6398ff51fea) Importer(815301076,1909f56bfc062723c751e8b465ee728b)
Start importing Assets/Resources/Prefabs/mediItem.prefab using Guid(c11155cf73b2e5a449c6f6398ff51fea) Importer(815301076,1909f56bfc062723c751e8b465ee728b)  -> (artifact id: 'f585e75c2cd4abe324658cf0b3382ef6') in 0.287004 seconds 
  Import took 0.291296 seconds .

========================================================================
Received Import Request.
  Time since last request: 4.362525 seconds.
  path: Assets/Resources/Prefabs/mediItem.prefab
  artifactKey: Guid(c11155cf73b2e5a449c6f6398ff51fea) Importer(815301076,1909f56bfc062723c751e8b465ee728b)
Start importing Assets/Resources/Prefabs/mediItem.prefab using Guid(c11155cf73b2e5a449c6f6398ff51fea) Importer(815301076,1909f56bfc062723c751e8b465ee728b)  -> (artifact id: '22baa17d2dda96dd8a8044fd718d9f28') in 0.292043 seconds 
  Import took 0.297225 seconds .

========================================================================
Received Import Request.
  Time since last request: 1.922243 seconds.
  path: Assets/Resources/Prefabs/mediItem.prefab
  artifactKey: Guid(c11155cf73b2e5a449c6f6398ff51fea) Importer(815301076,1909f56bfc062723c751e8b465ee728b)
Start importing Assets/Resources/Prefabs/mediItem.prefab using Guid(c11155cf73b2e5a449c6f6398ff51fea) Importer(815301076,1909f56bfc062723c751e8b465ee728b)  -> (artifact id: '81c45466fd109ebab57417bc92e2a560') in 0.286153 seconds 
  Import took 0.290790 seconds .

========================================================================
Received Import Request.
  Time since last request: 1.122088 seconds.
  path: Assets/Resources/Prefabs/mediItem.prefab
  artifactKey: Guid(c11155cf73b2e5a449c6f6398ff51fea) Importer(815301076,1909f56bfc062723c751e8b465ee728b)
Start importing Assets/Resources/Prefabs/mediItem.prefab using Guid(c11155cf73b2e5a449c6f6398ff51fea) Importer(815301076,1909f56bfc062723c751e8b465ee728b)  -> (artifact id: 'dffc3df88e5e55182793b3dc270262c5') in 0.286571 seconds 
  Import took 0.291050 seconds .

========================================================================
Received Import Request.
  Time since last request: 3.344385 seconds.
  path: Assets/Resources/Prefabs/mediItem.prefab
  artifactKey: Guid(c11155cf73b2e5a449c6f6398ff51fea) Importer(815301076,1909f56bfc062723c751e8b465ee728b)
Start importing Assets/Resources/Prefabs/mediItem.prefab using Guid(c11155cf73b2e5a449c6f6398ff51fea) Importer(815301076,1909f56bfc062723c751e8b465ee728b)  -> (artifact id: '6b10b04159741f76c6a2330a6b9cbf2b') in 0.294356 seconds 
  Import took 0.298824 seconds .

========================================================================
Received Import Request.
  Time since last request: 1.319323 seconds.
  path: Assets/Resources/Prefabs/mediItem.prefab
  artifactKey: Guid(c11155cf73b2e5a449c6f6398ff51fea) Importer(815301076,1909f56bfc062723c751e8b465ee728b)
Start importing Assets/Resources/Prefabs/mediItem.prefab using Guid(c11155cf73b2e5a449c6f6398ff51fea) Importer(815301076,1909f56bfc062723c751e8b465ee728b)  -> (artifact id: '41076f0339e66e5ad3afbb0af35be5d1') in 0.288012 seconds 
  Import took 0.292860 seconds .

========================================================================
Received Import Request.
  Time since last request: 2.328808 seconds.
  path: Assets/Resources/Prefabs/mediItem.prefab
  artifactKey: Guid(c11155cf73b2e5a449c6f6398ff51fea) Importer(815301076,1909f56bfc062723c751e8b465ee728b)
Start importing Assets/Resources/Prefabs/mediItem.prefab using Guid(c11155cf73b2e5a449c6f6398ff51fea) Importer(815301076,1909f56bfc062723c751e8b465ee728b)  -> (artifact id: 'e58d363c7c93b44394404064970a28f0') in 0.286239 seconds 
  Import took 0.291167 seconds .

========================================================================
Received Import Request.
  Time since last request: 1.518839 seconds.
  path: Assets/Resources/Prefabs/mediItem.prefab
  artifactKey: Guid(c11155cf73b2e5a449c6f6398ff51fea) Importer(815301076,1909f56bfc062723c751e8b465ee728b)
Start importing Assets/Resources/Prefabs/mediItem.prefab using Guid(c11155cf73b2e5a449c6f6398ff51fea) Importer(815301076,1909f56bfc062723c751e8b465ee728b)  -> (artifact id: 'a929d3c8b82a27b7c1312f1d676681a4') in 0.283725 seconds 
  Import took 0.288092 seconds .

========================================================================
Received Import Request.
  Time since last request: 3.143710 seconds.
  path: Assets/Resources/Prefabs/mediItem.prefab
  artifactKey: Guid(c11155cf73b2e5a449c6f6398ff51fea) Importer(815301076,1909f56bfc062723c751e8b465ee728b)
Start importing Assets/Resources/Prefabs/mediItem.prefab using Guid(c11155cf73b2e5a449c6f6398ff51fea) Importer(815301076,1909f56bfc062723c751e8b465ee728b)  -> (artifact id: '1ca2c8ae95fb63ac2c5a528ba5828b95') in 0.289680 seconds 
  Import took 0.294192 seconds .

========================================================================
Received Import Request.
  Time since last request: 1.115920 seconds.
  path: Assets/Resources/Prefabs/mediItem.prefab
  artifactKey: Guid(c11155cf73b2e5a449c6f6398ff51fea) Importer(815301076,1909f56bfc062723c751e8b465ee728b)
Start importing Assets/Resources/Prefabs/mediItem.prefab using Guid(c11155cf73b2e5a449c6f6398ff51fea) Importer(815301076,1909f56bfc062723c751e8b465ee728b)  -> (artifact id: '929b28096ef1c4d4922be5f27331ea27') in 0.286608 seconds 
  Import took 0.291085 seconds .

========================================================================
Received Import Request.
  Time since last request: 1.531185 seconds.
  path: Assets/Resources/Prefabs/mediItem.prefab
  artifactKey: Guid(c11155cf73b2e5a449c6f6398ff51fea) Importer(815301076,1909f56bfc062723c751e8b465ee728b)
Start importing Assets/Resources/Prefabs/mediItem.prefab using Guid(c11155cf73b2e5a449c6f6398ff51fea) Importer(815301076,1909f56bfc062723c751e8b465ee728b)  -> (artifact id: '662091728b92715f65a2239896de7129') in 0.287447 seconds 
  Import took 0.292101 seconds .

========================================================================
Received Import Request.
  Time since last request: 0.926500 seconds.
  path: Assets/Resources/Prefabs/mediItem.prefab
  artifactKey: Guid(c11155cf73b2e5a449c6f6398ff51fea) Importer(815301076,1909f56bfc062723c751e8b465ee728b)
Start importing Assets/Resources/Prefabs/mediItem.prefab using Guid(c11155cf73b2e5a449c6f6398ff51fea) Importer(815301076,1909f56bfc062723c751e8b465ee728b)  -> (artifact id: '9f167d68c062f90153e64beeb7fcdf2e') in 0.289286 seconds 
  Import took 0.294017 seconds .

========================================================================
Received Prepare
Registering precompiled user dll's ...
Registered in 0.005588 seconds.
Begin MonoManager ReloadAssembly
Native extension for WindowsStandalone target not found
Refreshing native plugins compatible for Editor in 0.82 ms, found 18 plugins.
Preloading 0 native plugins for Editor in 0.00 ms.
Mono: successfully reloaded assembly
- Completed reload, in  0.896 seconds
Platform modules already initialized, skipping
Switching build target platform(19) subTarget(0) extendedPlatform(0) -> platform(13) subTarget(537395200) extendedPlatform(0)
Refreshing native plugins compatible for Editor in 0.82 ms, found 18 plugins.
Preloading 0 native plugins for Editor in 0.00 ms.
Unloading 2299 Unused Serialized files (Serialized files now loaded: 0)
System memory in use before: 99.6 MB.
System memory in use after: 99.8 MB.

Unloading 59 unused Assets to reduce memory usage. Loaded Objects now: 2724.
Total: 2.383100 ms (FindLiveObjects: 0.220300 ms CreateObjectMapping: 0.087100 ms MarkObjects: 2.052800 ms  DeleteObjects: 0.022100 ms)

AssetImportParameters requested are different than current active one (requested -> active):
  custom:framework-win-MediaFoundation: 216162199b28c13a410421893ffa2e32 -> 
  custom:video-decoder-ogg-theora: a1e56fd34408186e4bbccfd4996cb3dc -> 
  custom:container-muxer-webm: aa71ff27fc2769a1b78a27578f13a17b -> 
  custom:container-demuxer-webm: 4f35f7cbe854078d1ac9338744f61a02 -> 
  custom:container-demuxer-ogg: 62fdf1f143b41e24485cea50d1cbac27 -> 
  custom:video-encoder-webm-vp8: eb34c28f22e8b96e1ab97ce403110664 -> 
  custom:video-decoder-webm-vp8: 9c59270c3fd7afecdb556c50c9e8de78 -> 
  custom:graphics/normal-map-encoding: 01000000000000000000000000000000 -> 02000000000000000000000000000000
  custom:audio-decoder-ogg-vorbis: bf7c407c2cedff20999df2af8eb42d56 -> 
  custom:audio-encoder-webm-vorbis: bf7c407c2cedff20999df2af8eb42d56 -> 
========================================================================
Received Prepare
Registering precompiled user dll's ...
Registered in 0.005785 seconds.
Begin MonoManager ReloadAssembly
Native extension for WindowsStandalone target not found
Refreshing native plugins compatible for Editor in 0.86 ms, found 18 plugins.
Preloading 0 native plugins for Editor in 0.00 ms.
Mono: successfully reloaded assembly
- Completed reload, in  0.906 seconds
Platform modules already initialized, skipping
Switching build target platform(19) subTarget(0) extendedPlatform(0) -> platform(13) subTarget(537395200) extendedPlatform(0)
Refreshing native plugins compatible for Editor in 0.91 ms, found 18 plugins.
Preloading 0 native plugins for Editor in 0.00 ms.
Unloading 2299 Unused Serialized files (Serialized files now loaded: 0)
System memory in use before: 99.6 MB.
System memory in use after: 99.8 MB.

Unloading 59 unused Assets to reduce memory usage. Loaded Objects now: 2728.
Total: 2.183900 ms (FindLiveObjects: 0.230200 ms CreateObjectMapping: 0.101100 ms MarkObjects: 1.828400 ms  DeleteObjects: 0.023000 ms)

AssetImportParameters requested are different than current active one (requested -> active):
  custom:framework-win-MediaFoundation: 216162199b28c13a410421893ffa2e32 -> 
  custom:video-decoder-ogg-theora: a1e56fd34408186e4bbccfd4996cb3dc -> 
  custom:container-muxer-webm: aa71ff27fc2769a1b78a27578f13a17b -> 
  custom:container-demuxer-webm: 4f35f7cbe854078d1ac9338744f61a02 -> 
  custom:container-demuxer-ogg: 62fdf1f143b41e24485cea50d1cbac27 -> 
  custom:video-encoder-webm-vp8: eb34c28f22e8b96e1ab97ce403110664 -> 
  custom:video-decoder-webm-vp8: 9c59270c3fd7afecdb556c50c9e8de78 -> 
  custom:graphics/normal-map-encoding: 01000000000000000000000000000000 -> 02000000000000000000000000000000
  custom:audio-decoder-ogg-vorbis: bf7c407c2cedff20999df2af8eb42d56 -> 
  custom:audio-encoder-webm-vorbis: bf7c407c2cedff20999df2af8eb42d56 -> 
========================================================================
Received Prepare
Registering precompiled user dll's ...
Registered in 0.005641 seconds.
Begin MonoManager ReloadAssembly
Native extension for WindowsStandalone target not found
Refreshing native plugins compatible for Editor in 0.83 ms, found 18 plugins.
Preloading 0 native plugins for Editor in 0.00 ms.
Mono: successfully reloaded assembly
- Completed reload, in  0.898 seconds
Platform modules already initialized, skipping
Switching build target platform(19) subTarget(0) extendedPlatform(0) -> platform(13) subTarget(537395200) extendedPlatform(0)
Refreshing native plugins compatible for Editor in 0.83 ms, found 18 plugins.
Preloading 0 native plugins for Editor in 0.00 ms.
Unloading 2299 Unused Serialized files (Serialized files now loaded: 0)
System memory in use before: 99.6 MB.
System memory in use after: 99.8 MB.

Unloading 59 unused Assets to reduce memory usage. Loaded Objects now: 2732.
Total: 2.602300 ms (FindLiveObjects: 0.267800 ms CreateObjectMapping: 0.130900 ms MarkObjects: 2.167900 ms  DeleteObjects: 0.034800 ms)

AssetImportParameters requested are different than current active one (requested -> active):
  custom:framework-win-MediaFoundation: 216162199b28c13a410421893ffa2e32 -> 
  custom:video-decoder-ogg-theora: a1e56fd34408186e4bbccfd4996cb3dc -> 
  custom:container-muxer-webm: aa71ff27fc2769a1b78a27578f13a17b -> 
  custom:container-demuxer-webm: 4f35f7cbe854078d1ac9338744f61a02 -> 
  custom:container-demuxer-ogg: 62fdf1f143b41e24485cea50d1cbac27 -> 
  custom:video-encoder-webm-vp8: eb34c28f22e8b96e1ab97ce403110664 -> 
  custom:video-decoder-webm-vp8: 9c59270c3fd7afecdb556c50c9e8de78 -> 
  custom:graphics/normal-map-encoding: 01000000000000000000000000000000 -> 02000000000000000000000000000000
  custom:audio-decoder-ogg-vorbis: bf7c407c2cedff20999df2af8eb42d56 -> 
  custom:audio-encoder-webm-vorbis: bf7c407c2cedff20999df2af8eb42d56 -> 
========================================================================
Received Prepare
Registering precompiled user dll's ...
Registered in 0.005576 seconds.
Begin MonoManager ReloadAssembly
Native extension for WindowsStandalone target not found
Refreshing native plugins compatible for Editor in 0.89 ms, found 18 plugins.
Preloading 0 native plugins for Editor in 0.00 ms.
Mono: successfully reloaded assembly
- Completed reload, in  0.946 seconds
Platform modules already initialized, skipping
Switching build target platform(19) subTarget(0) extendedPlatform(0) -> platform(13) subTarget(537395200) extendedPlatform(0)
Refreshing native plugins compatible for Editor in 0.82 ms, found 18 plugins.
Preloading 0 native plugins for Editor in 0.00 ms.
Unloading 2299 Unused Serialized files (Serialized files now loaded: 0)
System memory in use before: 99.6 MB.
System memory in use after: 99.9 MB.

Unloading 59 unused Assets to reduce memory usage. Loaded Objects now: 2736.
Total: 2.315800 ms (FindLiveObjects: 0.271900 ms CreateObjectMapping: 0.105000 ms MarkObjects: 1.911200 ms  DeleteObjects: 0.026700 ms)

AssetImportParameters requested are different than current active one (requested -> active):
  custom:framework-win-MediaFoundation: 216162199b28c13a410421893ffa2e32 -> 
  custom:video-decoder-ogg-theora: a1e56fd34408186e4bbccfd4996cb3dc -> 
  custom:container-muxer-webm: aa71ff27fc2769a1b78a27578f13a17b -> 
  custom:container-demuxer-webm: 4f35f7cbe854078d1ac9338744f61a02 -> 
  custom:container-demuxer-ogg: 62fdf1f143b41e24485cea50d1cbac27 -> 
  custom:video-encoder-webm-vp8: eb34c28f22e8b96e1ab97ce403110664 -> 
  custom:video-decoder-webm-vp8: 9c59270c3fd7afecdb556c50c9e8de78 -> 
  custom:graphics/normal-map-encoding: 01000000000000000000000000000000 -> 02000000000000000000000000000000
  custom:audio-decoder-ogg-vorbis: bf7c407c2cedff20999df2af8eb42d56 -> 
  custom:audio-encoder-webm-vorbis: bf7c407c2cedff20999df2af8eb42d56 -> 
========================================================================
Received Prepare
Registering precompiled user dll's ...
Registered in 0.005710 seconds.
Begin MonoManager ReloadAssembly
Native extension for WindowsStandalone target not found
Refreshing native plugins compatible for Editor in 0.85 ms, found 18 plugins.
Preloading 0 native plugins for Editor in 0.00 ms.
Mono: successfully reloaded assembly
- Completed reload, in  0.933 seconds
Platform modules already initialized, skipping
Switching build target platform(19) subTarget(0) extendedPlatform(0) -> platform(13) subTarget(537395200) extendedPlatform(0)
Refreshing native plugins compatible for Editor in 0.83 ms, found 18 plugins.
Preloading 0 native plugins for Editor in 0.00 ms.
Unloading 2299 Unused Serialized files (Serialized files now loaded: 0)
System memory in use before: 99.6 MB.
System memory in use after: 99.8 MB.

Unloading 59 unused Assets to reduce memory usage. Loaded Objects now: 2740.
Total: 2.368500 ms (FindLiveObjects: 0.224000 ms CreateObjectMapping: 0.098400 ms MarkObjects: 2.022100 ms  DeleteObjects: 0.022800 ms)

AssetImportParameters requested are different than current active one (requested -> active):
  custom:framework-win-MediaFoundation: 216162199b28c13a410421893ffa2e32 -> 
  custom:video-decoder-ogg-theora: a1e56fd34408186e4bbccfd4996cb3dc -> 
  custom:container-muxer-webm: aa71ff27fc2769a1b78a27578f13a17b -> 
  custom:container-demuxer-webm: 4f35f7cbe854078d1ac9338744f61a02 -> 
  custom:container-demuxer-ogg: 62fdf1f143b41e24485cea50d1cbac27 -> 
  custom:video-encoder-webm-vp8: eb34c28f22e8b96e1ab97ce403110664 -> 
  custom:video-decoder-webm-vp8: 9c59270c3fd7afecdb556c50c9e8de78 -> 
  custom:graphics/normal-map-encoding: 01000000000000000000000000000000 -> 02000000000000000000000000000000
  custom:audio-decoder-ogg-vorbis: bf7c407c2cedff20999df2af8eb42d56 -> 
  custom:audio-encoder-webm-vorbis: bf7c407c2cedff20999df2af8eb42d56 -> 
AssetImportWorkerClient::OnTransportError - code=2 error=End of file
